2019-01-17 13:58:14 +0000  Initial pipeline context: <IDEDistributionProcessingPipelineContext: 0x7fabcbe79580; archive(resolved)='<IDEArchive: 0x7fabcd4089f0>', distributionTask(resolved)='2', distributionDestination(resolved)='1', distributionMethod(resolved)='<IDEDistributionMethodiOSEnterprise: 0x7fabcc5859b0>', team(resolved)='<IDEProvisioningDisambiguatableBasicTeam: 0x7fabcd512f60; teamID='PEVL7W78Y7', teamName='Corporativo Three Wise Monkeys, Corporation', teamType='Enterprise', username='alejandro@bonobo-digital.com', isFreeProvisioningTeam='0'>'>
	Chain (12, self inclusive):
	<IDEDistributionProcessingPipelineContext: 0x7fabcbe79580; archive = '<IDEArchive: 0x7fabcd4089f0>', distributionMethod='<IDEDistributionMethodiOSEnterprise: 0x7fabcc5859b0>', team='<IDEProvisioningDisambiguatableBasicTeam: 0x7fabcd512f60; teamID='PEVL7W78Y7', teamName='Corporativo Three Wise Monkeys, Corporation', teamType='Enterprise', username='alejandro@bonobo-digital.com', isFreeProvisioningTeam='0'>'>
	<IDEDistributionProcessingPipelineContext: 0x7fabcd852b40; archive = '<IDEArchive: 0x7fabcd4089f0>', distributionMethod='<IDEDistributionMethodiOSEnterprise: 0x7fabcc5859b0>', team='<IDEProvisioningDisambiguatableBasicTeam: 0x7fabcd512f60; teamID='PEVL7W78Y7', teamName='Corporativo Three Wise Monkeys, Corporation', teamType='Enterprise', username='alejandro@bonobo-digital.com', isFreeProvisioningTeam='0'>'>
	<IDEDistributionContext: 0x7fabcc61ed90; archive = '<IDEArchive: 0x7fabcd4089f0>', distributionMethod='<IDEDistributionMethodiOSEnterprise: 0x7fabcc5859b0>', team='<IDEProvisioningDisambiguatableBasicTeam: 0x7fabcd512f60; teamID='PEVL7W78Y7', teamName='Corporativo Three Wise Monkeys, Corporation', teamType='Enterprise', username='alejandro@bonobo-digital.com', isFreeProvisioningTeam='0'>'>
	<IDEDistributionContext: 0x7fabcd0e6940; archive = '<IDEArchive: 0x7fabcd4089f0>', distributionMethod='<IDEDistributionMethodiOSEnterprise: 0x7fabcc5859b0>', team='<IDEProvisioningDisambiguatableBasicTeam: 0x7fabcd512f60; teamID='PEVL7W78Y7', teamName='Corporativo Three Wise Monkeys, Corporation', teamType='Enterprise', username='alejandro@bonobo-digital.com', isFreeProvisioningTeam='0'>'>
	<IDEDistributionContext: 0x7fabcd1bbf00; archive = '<IDEArchive: 0x7fabcd4089f0>', distributionMethod='<IDEDistributionMethodiOSEnterprise: 0x7fabcc5859b0>', team='<IDEProvisioningDisambiguatableBasicTeam: 0x7fabcd512f60; teamID='PEVL7W78Y7', teamName='Corporativo Three Wise Monkeys, Corporation', teamType='Enterprise', username='alejandro@bonobo-digital.com', isFreeProvisioningTeam='0'>'>
	<IDEDistributionContext: 0x7fabcd4353b0; archive = '<IDEArchive: 0x7fabcd4089f0>', distributionMethod='<IDEDistributionMethodiOSEnterprise: 0x7fabcc5859b0>', team='<IDEProvisioningDisambiguatableBasicTeam: 0x7fabcd512f60; teamID='PEVL7W78Y7', teamName='Corporativo Three Wise Monkeys, Corporation', teamType='Enterprise', username='alejandro@bonobo-digital.com', isFreeProvisioningTeam='0'>'>
	<IDEDistributionContext: 0x7fabcd0211b0; archive = '<IDEArchive: 0x7fabcd4089f0>', distributionMethod='<IDEDistributionMethodiOSEnterprise: 0x7fabcc5859b0>', team='<IDEProvisioningDisambiguatableBasicTeam: 0x7fabcd512f60; teamID='PEVL7W78Y7', teamName='Corporativo Three Wise Monkeys, Corporation', teamType='Enterprise', username='alejandro@bonobo-digital.com', isFreeProvisioningTeam='0'>'>
	<IDEDistributionContext: 0x7fabcd00eff0; archive = '<IDEArchive: 0x7fabcd4089f0>', distributionMethod='<IDEDistributionMethodiOSEnterprise: 0x7fabcc5859b0>', team='<IDEProvisioningDisambiguatableBasicTeam: 0x7fabcd512f60; teamID='PEVL7W78Y7', teamName='Corporativo Three Wise Monkeys, Corporation', teamType='Enterprise', username='alejandro@bonobo-digital.com', isFreeProvisioningTeam='0'>'>
	<IDEDistributionContext: 0x7fabcd1ed920; archive = '<IDEArchive: 0x7fabcd4089f0>', distributionMethod='<IDEDistributionMethodiOSEnterprise: 0x7fabcc5859b0>', team='<IDEProvisioningDisambiguatableBasicTeam: 0x7fabcd512f60; teamID='PEVL7W78Y7', teamName='Corporativo Three Wise Monkeys, Corporation', teamType='Enterprise', username='alejandro@bonobo-digital.com', isFreeProvisioningTeam='0'>'>
	<IDEDistributionContext: 0x7fabcc687950; archive = '<IDEArchive: 0x7fabcd4089f0>', distributionMethod='<IDEDistributionMethodiOSEnterprise: 0x7fabcc5859b0>', team='(null)'>
	<IDEDistributionContext: 0x7fabcd7b8810; archive = '<IDEArchive: 0x7fabcd4089f0>', distributionMethod='<IDEDistributionMethodiOSEnterprise: 0x7fabcc5859b0>', team='(null)'>
	<IDEDistributionContext: 0x7fabcc4209b0; archive = '<IDEArchive: 0x7fabcd4089f0>', distributionMethod='(null)', team='(null)'>
</IDEDistributionProcessingPipelineContext: 0x7fabcbe79580>
2019-01-17 13:58:14 +0000  Processing step: IDEDistributionCreateDestRootStep
2019-01-17 13:58:14 +0000  Processing step: IDEDistributionCopyItemStep
2019-01-17 13:58:14 +0000  Running /usr/bin/ditto '-V' '/Users/caf004m/Library/Developer/Xcode/Archives/2019-01-17/Bela 1-17-19, 7.57 AM.xcarchive/Products/Applications/Bela.app' '/var/folders/gv/0435cfdx29qf_23ly8yb91qjzc0hcn/T/XcodeDistPipeline.T17/Root/Payload/Bela.app'
2019-01-17 13:58:14 +0000  >>> Copying /Users/caf004m/Library/Developer/Xcode/Archives/2019-01-17/Bela 1-17-19, 7.57 AM.xcarchive/Products/Applications/Bela.app 
2019-01-17 13:58:14 +0000  copying file ./_CodeSignature/CodeResources ... 
2019-01-17 13:58:14 +0000  63931 bytes for ./_CodeSignature/CodeResources
2019-01-17 13:58:14 +0000  copying file ./scannerOverlay.nib ... 
2019-01-17 13:58:14 +0000  1462 bytes for ./scannerOverlay.nib
2019-01-17 13:58:14 +0000  copying file ./LaunchImage@2x.png ... 
2019-01-17 13:58:14 +0000  22897 bytes for ./LaunchImage@2x.png
2019-01-17 13:58:14 +0000  copying file ./MainViewController.nib ... 
2019-01-17 13:58:14 +0000  943 bytes for ./MainViewController.nib
2019-01-17 13:58:14 +0000  copying file ./AppIcon57x57.png ... 
2019-01-17 13:58:14 +0000  2571 bytes for ./AppIcon57x57.png
2019-01-17 13:58:14 +0000  copying file ./Bela ... 
2019-01-17 13:58:14 +0000  1263552 bytes for ./Bela
2019-01-17 13:58:14 +0000  copying file ./AppIcon29x29.png ... 
2019-01-17 13:58:14 +0000  994 bytes for ./AppIcon29x29.png
2019-01-17 13:58:14 +0000  copying file ./LaunchImage-568h@2x.png ... 
2019-01-17 13:58:14 +0000  42752 bytes for ./LaunchImage-568h@2x.png
2019-01-17 13:58:14 +0000  copying file ./AppIcon60x60@2x.png ... 
2019-01-17 13:58:14 +0000  9342 bytes for ./AppIcon60x60@2x.png
2019-01-17 13:58:14 +0000  copying file ./AppIcon72x72@2x~ipad.png ... 
2019-01-17 13:58:14 +0000  11640 bytes for ./AppIcon72x72@2x~ipad.png
2019-01-17 13:58:14 +0000  copying file ./AppIcon29x29@2x.png ... 
2019-01-17 13:58:14 +0000  2764 bytes for ./AppIcon29x29@2x.png
2019-01-17 13:58:14 +0000  copying file ./LaunchImage-800-667h@2x.png ... 
2019-01-17 13:58:14 +0000  54257 bytes for ./LaunchImage-800-667h@2x.png
2019-01-17 13:58:14 +0000  copying file ./LaunchImage-Portrait@2x~ipad.png ... 
2019-01-17 13:58:14 +0000  151156 bytes for ./LaunchImage-Portrait@2x~ipad.png
2019-01-17 13:58:14 +0000  copying file ./AppIcon40x40@3x.png ... 
2019-01-17 13:58:14 +0000  9342 bytes for ./AppIcon40x40@3x.png
2019-01-17 13:58:14 +0000  copying file ./AppIcon57x57@2x.png ... 
2019-01-17 13:58:14 +0000  8939 bytes for ./AppIcon57x57@2x.png
2019-01-17 13:58:14 +0000  copying file ./AppIcon29x29~ipad.png ... 
2019-01-17 13:58:14 +0000  994 bytes for ./AppIcon29x29~ipad.png
2019-01-17 13:58:14 +0000  copying file ./AppIcon40x40@2x.png ... 
2019-01-17 13:58:14 +0000  6007 bytes for ./AppIcon40x40@2x.png
2019-01-17 13:58:14 +0000  copying file ./LaunchImage-Portrait~ipad.png ... 
2019-01-17 13:58:14 +0000  27730 bytes for ./LaunchImage-Portrait~ipad.png
2019-01-17 13:58:14 +0000  copying file ./AppIcon29x29@3x.png ... 
2019-01-17 13:58:14 +0000  6304 bytes for ./AppIcon29x29@3x.png
copying file ./AppIcon60x60@3x.png ... 
2019-01-17 13:58:14 +0000  15217 bytes for ./AppIcon60x60@3x.png
2019-01-17 13:58:14 +0000  copying file ./config.xml ... 
2019-01-17 13:58:14 +0000  6363 bytes for ./config.xml
2019-01-17 13:58:14 +0000  copying file ./www/index.html ... 
2019-01-17 13:58:14 +0000  1761 bytes for ./www/index.html
2019-01-17 13:58:14 +0000  copying file ./www/cordova.js ... 
2019-01-17 13:58:14 +0000  61623 bytes for ./www/cordova.js
2019-01-17 13:58:14 +0000  copying file ./www/plugins/cordova-plugin-file/www/requestFileSystem.js ... 
2019-01-17 13:58:14 +0000  3244 bytes for ./www/plugins/cordova-plugin-file/www/requestFileSystem.js
2019-01-17 13:58:14 +0000  copying file ./www/plugins/cordova-plugin-file/www/DirectoryEntry.js ... 
2019-01-17 13:58:14 +0000  4681 bytes for ./www/plugins/cordova-plugin-file/www/DirectoryEntry.js
2019-01-17 13:58:14 +0000  copying file ./www/plugins/cordova-plugin-file/www/FileSystem.js ... 
2019-01-17 13:58:14 +0000  1960 bytes for ./www/plugins/cordova-plugin-file/www/FileSystem.js
2019-01-17 13:58:14 +0000  copying file ./www/plugins/cordova-plugin-file/www/Flags.js ... 
2019-01-17 13:58:14 +0000  1336 bytes for ./www/plugins/cordova-plugin-file/www/Flags.js
2019-01-17 13:58:14 +0000  copying file ./www/plugins/cordova-plugin-file/www/fileSystemPaths.js ... 
2019-01-17 13:58:14 +0000  2548 bytes for ./www/plugins/cordova-plugin-file/www/fileSystemPaths.js
2019-01-17 13:58:14 +0000  copying file ./www/plugins/cordova-plugin-file/www/FileEntry.js ... 
2019-01-17 13:58:14 +0000  3423 bytes for ./www/plugins/cordova-plugin-file/www/FileEntry.js
2019-01-17 13:58:14 +0000  copying file ./www/plugins/cordova-plugin-file/www/fileSystems.js ... 
2019-01-17 13:58:14 +0000  1047 bytes for ./www/plugins/cordova-plugin-file/www/fileSystems.js
2019-01-17 13:58:14 +0000  copying file ./www/plugins/cordova-plugin-file/www/DirectoryReader.js ... 
2019-01-17 13:58:14 +0000  2724 bytes for ./www/plugins/cordova-plugin-file/www/DirectoryReader.js
2019-01-17 13:58:14 +0000  copying file ./www/plugins/cordova-plugin-file/www/Metadata.js ... 
2019-01-17 13:58:14 +0000  1488 bytes for ./www/plugins/cordova-plugin-file/www/Metadata.js
2019-01-17 13:58:14 +0000  copying file ./www/plugins/cordova-plugin-file/www/ios/FileSystem.js ... 
2019-01-17 13:58:14 +0000  1222 bytes for ./www/plugins/cordova-plugin-file/www/ios/FileSystem.js
2019-01-17 13:58:14 +0000  copying file ./www/plugins/cordova-plugin-file/www/browser/isChrome.js ... 
2019-01-17 13:58:14 +0000  1232 bytes for ./www/plugins/cordova-plugin-file/www/browser/isChrome.js
2019-01-17 13:58:14 +0000  copying file ./www/plugins/cordova-plugin-file/www/LocalFileSystem.js ... 
2019-01-17 13:58:14 +0000  957 bytes for ./www/plugins/cordova-plugin-file/www/LocalFileSystem.js
copying file ./www/plugins/cordova-plugin-file/www/FileReader.js ... 
2019-01-17 13:58:14 +0000  10523 bytes for ./www/plugins/cordova-plugin-file/www/FileReader.js
2019-01-17 13:58:14 +0000  copying file ./www/plugins/cordova-plugin-file/www/fileSystems-roots.js ... 
2019-01-17 13:58:14 +0000  1598 bytes for ./www/plugins/cordova-plugin-file/www/fileSystems-roots.js
2019-01-17 13:58:14 +0000  copying file ./www/plugins/cordova-plugin-file/www/FileUploadOptions.js ... 
2019-01-17 13:58:14 +0000  1831 bytes for ./www/plugins/cordova-plugin-file/www/FileUploadOptions.js
2019-01-17 13:58:14 +0000  copying file ./www/plugins/cordova-plugin-file/www/FileWriter.js ... 
2019-01-17 13:58:14 +0000  10544 bytes for ./www/plugins/cordova-plugin-file/www/FileWriter.js
2019-01-17 13:58:14 +0000  copying file ./www/plugins/cordova-plugin-file/www/FileError.js ... 
2019-01-17 13:58:14 +0000  1483 bytes for ./www/plugins/cordova-plugin-file/www/FileError.js
2019-01-17 13:58:14 +0000  copying file ./www/plugins/cordova-plugin-file/www/FileUploadResult.js ... 
2019-01-17 13:58:14 +0000  1111 bytes for ./www/plugins/cordova-plugin-file/www/FileUploadResult.js
2019-01-17 13:58:14 +0000  copying file ./www/plugins/cordova-plugin-file/www/ProgressEvent.js ... 
2019-01-17 13:58:14 +0000  2544 bytes for ./www/plugins/cordova-plugin-file/www/ProgressEvent.js
2019-01-17 13:58:14 +0000  copying file ./www/plugins/cordova-plugin-file/www/File.js ... 
2019-01-17 13:58:14 +0000  2714 bytes for ./www/plugins/cordova-plugin-file/www/File.js
2019-01-17 13:58:14 +0000  copying file ./www/plugins/cordova-plugin-file/www/resolveLocalFileSystemURI.js ... 
2019-01-17 13:58:14 +0000  4325 bytes for ./www/plugins/cordova-plugin-file/www/resolveLocalFileSystemURI.js
2019-01-17 13:58:14 +0000  copying file ./www/plugins/cordova-plugin-file/www/Entry.js ... 
2019-01-17 13:58:14 +0000  9869 bytes for ./www/plugins/cordova-plugin-file/www/Entry.js
2019-01-17 13:58:14 +0000  copying file ./www/plugins/com-badrit-base64/www/Base64.js ... 
2019-01-17 13:58:14 +0000  995 bytes for ./www/plugins/com-badrit-base64/www/Base64.js
2019-01-17 13:58:14 +0000  copying file ./www/plugins/cordova-plugin-ionic-webview/src/www/ios/ios-wkwebview-exec.js ... 
2019-01-17 13:58:14 +0000  6167 bytes for ./www/plugins/cordova-plugin-ionic-webview/src/www/ios/ios-wkwebview-exec.js
2019-01-17 13:58:14 +0000  copying file ./www/plugins/cordova-plugin-device/www/device.js ... 
2019-01-17 13:58:14 +0000  3070 bytes for ./www/plugins/cordova-plugin-device/www/device.js
2019-01-17 13:58:14 +0000  copying file ./www/plugins/cordova-plugin-file-transfer/www/FileTransferError.js ... 
2019-01-17 13:58:14 +0000  1488 bytes for ./www/plugins/cordova-plugin-file-transfer/www/FileTransferError.js
2019-01-17 13:58:14 +0000  copying file ./www/plugins/cordova-plugin-file-transfer/www/FileTransfer.js ... 
2019-01-17 13:58:14 +0000  8568 bytes for ./www/plugins/cordova-plugin-file-transfer/www/FileTransfer.js
2019-01-17 13:58:14 +0000  copying file ./www/plugins/phonegap-plugin-barcodescanner/www/barcodescanner.js ... 
2019-01-17 13:58:14 +0000  5020 bytes for ./www/plugins/phonegap-plugin-barcodescanner/www/barcodescanner.js
2019-01-17 13:58:14 +0000  copying file ./www/plugins/cordova-plugin-camera/www/CameraPopoverOptions.js ... 
2019-01-17 13:58:14 +0000  2296 bytes for ./www/plugins/cordova-plugin-camera/www/CameraPopoverOptions.js
2019-01-17 13:58:14 +0000  copying file ./www/plugins/cordova-plugin-camera/www/ios/CameraPopoverHandle.js ... 
2019-01-17 13:58:14 +0000  2271 bytes for ./www/plugins/cordova-plugin-camera/www/ios/CameraPopoverHandle.js
2019-01-17 13:58:14 +0000  copying file ./www/plugins/cordova-plugin-camera/www/CameraConstants.js ... 
2019-01-17 13:58:14 +0000  3488 bytes for ./www/plugins/cordova-plugin-camera/www/CameraConstants.js
2019-01-17 13:58:14 +0000  copying file ./www/plugins/cordova-plugin-camera/www/Camera.js ... 
2019-01-17 13:58:14 +0000  7995 bytes for ./www/plugins/cordova-plugin-camera/www/Camera.js
2019-01-17 13:58:14 +0000  copying file ./www/plugins/cordova-plugin-splashscreen/www/splashscreen.js ... 
2019-01-17 13:58:14 +0000  1173 bytes for ./www/plugins/cordova-plugin-splashscreen/www/splashscreen.js
2019-01-17 13:58:14 +0000  copying file ./www/plugins/cordova-plugin-ionic-keyboard/www/ios/keyboard.js ... 
2019-01-17 13:58:14 +0000  2676 bytes for ./www/plugins/cordova-plugin-ionic-keyboard/www/ios/keyboard.js
2019-01-17 13:58:14 +0000  copying file ./www/cordova-js-src/exec.js ... 
2019-01-17 13:58:14 +0000  8877 bytes for ./www/cordova-js-src/exec.js
2019-01-17 13:58:14 +0000  copying file ./www/cordova-js-src/platform.js ... 
2019-01-17 13:58:14 +0000  943 bytes for ./www/cordova-js-src/platform.js
2019-01-17 13:58:14 +0000  copying file ./www/manifest.json ... 
2019-01-17 13:58:14 +0000  274 bytes for ./www/manifest.json
2019-01-17 13:58:14 +0000  copying file ./www/cordova_plugins.js ... 
2019-01-17 13:58:14 +0000  8781 bytes for ./www/cordova_plugins.js
2019-01-17 13:58:14 +0000  copying file ./www/service-worker.js ... 
2019-01-17 13:58:14 +0000  741 bytes for ./www/service-worker.js
2019-01-17 13:58:14 +0000  copying file ./www/build/7.js.map ... 
2019-01-17 13:58:14 +0000  790 bytes for ./www/build/7.js.map
2019-01-17 13:58:14 +0000  copying file ./www/build/2.js ... 
2019-01-17 13:58:14 +0000  1749 bytes for ./www/build/2.js
2019-01-17 13:58:14 +0000  copying file ./www/build/24.js.map ... 
2019-01-17 13:58:14 +0000  848 bytes for ./www/build/24.js.map
2019-01-17 13:58:14 +0000  copying file ./www/build/28.js.map ... 
2019-01-17 13:58:14 +0000  812 bytes for ./www/build/28.js.map
2019-01-17 13:58:14 +0000  copying file ./www/build/36.js.map ... 
2019-01-17 13:58:14 +0000  796 bytes for ./www/build/36.js.map
2019-01-17 13:58:14 +0000  copying file ./www/build/6.js ... 
2019-01-17 13:58:14 +0000  1770 bytes for ./www/build/6.js
2019-01-17 13:58:14 +0000  copying file ./www/build/12.js.map ... 
2019-01-17 13:58:14 +0000  702 bytes for ./www/build/12.js.map
2019-01-17 13:58:14 +0000  copying file ./www/build/34.js.map ... 
2019-01-17 13:58:14 +0000  702 bytes for ./www/build/34.js.map
2019-01-17 13:58:14 +0000  copying file ./www/build/26.js.map ... 
2019-01-17 13:58:14 +0000  867 bytes for ./www/build/26.js.map
2019-01-17 13:58:14 +0000  copying file ./www/build/10.js.map ... 
2019-01-17 13:58:14 +0000  766 bytes for ./www/build/10.js.map
2019-01-17 13:58:14 +0000  copying file ./www/build/7.js ... 
2019-01-17 13:58:14 +0000  1829 bytes for ./www/build/7.js
copying file ./www/build/9.js.map ... 
2019-01-17 13:58:14 +0000  692 bytes for ./www/build/9.js.map
2019-01-17 13:58:14 +0000  copying file ./www/build/5.js.map ... 
2019-01-17 13:58:14 +0000  767 bytes for ./www/build/5.js.map
2019-01-17 13:58:14 +0000  copying file ./www/build/main.js.map ... 
2019-01-17 13:58:14 +0000  606292 bytes for ./www/build/main.js.map
2019-01-17 13:58:14 +0000  copying file ./www/build/3.js ... 
2019-01-17 13:58:14 +0000  1807 bytes for ./www/build/3.js
2019-01-17 13:58:14 +0000  copying file ./www/build/25.js ... 
2019-01-17 13:58:14 +0000  1888 bytes for ./www/build/25.js
2019-01-17 13:58:14 +0000  copying file ./www/build/18.js.map ... 
2019-01-17 13:58:14 +0000  746 bytes for ./www/build/18.js.map
2019-01-17 13:58:14 +0000  copying file ./www/build/11.js ... 
2019-01-17 13:58:14 +0000  1831 bytes for ./www/build/11.js
2019-01-17 13:58:14 +0000  copying file ./www/build/14.js.map ... 
2019-01-17 13:58:14 +0000  861 bytes for ./www/build/14.js.map
2019-01-17 13:58:14 +0000  copying file ./www/build/22.js.map ... 
2019-01-17 13:58:14 +0000  685 bytes for ./www/build/22.js.map
2019-01-17 13:58:14 +0000  copying file ./www/build/main.css.map ... 
2019-01-17 13:58:14 +0000  4 bytes for ./www/build/main.css.map
2019-01-17 13:58:14 +0000  copying file ./www/build/30.js.map ... 
2019-01-17 13:58:14 +0000  857 bytes for ./www/build/30.js.map
2019-01-17 13:58:14 +0000  copying file ./www/build/8.js ... 
2019-01-17 13:58:14 +0000  1876 bytes for ./www/build/8.js
2019-01-17 13:58:14 +0000  copying file ./www/build/35.js ... 
2019-01-17 13:58:14 +0000  1798 bytes for ./www/build/35.js
copying file ./www/build/15.js ... 
2019-01-17 13:58:14 +0000  1856 bytes for ./www/build/15.js
2019-01-17 13:58:14 +0000  copying file ./www/build/polyfills.js ... 
2019-01-17 13:58:14 +0000  97180 bytes for ./www/build/polyfills.js
2019-01-17 13:58:14 +0000  copying file ./www/build/21.js ... 
2019-01-17 13:58:14 +0000  1834 bytes for ./www/build/21.js
2019-01-17 13:58:14 +0000  copying file ./www/build/1.js.map ... 
2019-01-17 13:58:14 +0000  801 bytes for ./www/build/1.js.map
2019-01-17 13:58:14 +0000  copying file ./www/build/31.js ... 
2019-01-17 13:58:14 +0000  1739 bytes for ./www/build/31.js
2019-01-17 13:58:14 +0000  copying file ./www/build/14.js ... 
2019-01-17 13:58:14 +0000  1889 bytes for ./www/build/14.js
2019-01-17 13:58:14 +0000  copying file ./www/build/20.js ... 
2019-01-17 13:58:14 +0000  1834 bytes for ./www/build/20.js
2019-01-17 13:58:14 +0000  copying file ./www/build/30.js ... 
2019-01-17 13:58:14 +0000  1889 bytes for ./www/build/30.js
copying file ./www/build/3.js.map ... 
2019-01-17 13:58:14 +0000  767 bytes for ./www/build/3.js.map
2019-01-17 13:58:14 +0000  copying file ./www/build/24.js ... 
2019-01-17 13:58:14 +0000  1878 bytes for ./www/build/24.js
copying file ./www/build/16.js.map ... 
2019-01-17 13:58:14 +0000  834 bytes for ./www/build/16.js.map
2019-01-17 13:58:14 +0000  copying file ./www/build/10.js ... 
2019-01-17 13:58:14 +0000  1809 bytes for ./www/build/10.js
copying file ./www/build/main.css ... 
2019-01-17 13:58:14 +0000  516261 bytes for ./www/build/main.css
2019-01-17 13:58:14 +0000  copying file ./www/build/32.js.map ... 
2019-01-17 13:58:14 +0000  779 bytes for ./www/build/32.js.map
2019-01-17 13:58:14 +0000  copying file ./www/build/9.js ... 
2019-01-17 13:58:14 +0000  1738 bytes for ./www/build/9.js
2019-01-17 13:58:14 +0000  copying file ./www/build/20.js.map ... 
2019-01-17 13:58:14 +0000  808 bytes for ./www/build/20.js.map
2019-01-17 13:58:14 +0000  copying file ./www/build/vendor.js ... 
2019-01-17 13:58:14 +0000  7510888 bytes for ./www/build/vendor.js
2019-01-17 13:58:14 +0000  copying file ./www/build/34.js ... 
1751 bytes for ./www/build/34.js
copying file ./www/build/17.js ... 
1751 bytes for ./www/build/17.js
copying file ./www/build/23.js ... 
2019-01-17 13:58:14 +0000  1797 bytes for ./www/build/23.js
2019-01-17 13:58:14 +0000  copying file ./www/build/13.js.map ... 
768 bytes for ./www/build/13.js.map
copying file ./www/build/25.js.map ... 
2019-01-17 13:58:14 +0000  857 bytes for ./www/build/25.js.map
copying file ./www/build/main.js ... 
2019-01-17 13:58:14 +0000  606998 bytes for ./www/build/main.js
2019-01-17 13:58:14 +0000  copying file ./www/build/37.js.map ... 
898 bytes for ./www/build/37.js.map
copying file ./www/build/33.js ... 
2019-01-17 13:58:14 +0000  1762 bytes for ./www/build/33.js
2019-01-17 13:58:14 +0000  copying file ./www/build/29.js.map ... 
2019-01-17 13:58:14 +0000  821 bytes for ./www/build/29.js.map
2019-01-17 13:58:14 +0000  copying file ./www/build/27.js ... 
2019-01-17 13:58:14 +0000  1947 bytes for ./www/build/27.js
2019-01-17 13:58:14 +0000  copying file ./www/build/13.js ... 
2019-01-17 13:58:14 +0000  1809 bytes for ./www/build/13.js
2019-01-17 13:58:14 +0000  copying file ./www/build/6.js.map ... 
2019-01-17 13:58:14 +0000  723 bytes for ./www/build/6.js.map
2019-01-17 13:58:14 +0000  copying file ./www/build/37.js ... 
2019-01-17 13:58:14 +0000  2029 bytes for ./www/build/37.js
copying file ./www/build/26.js ... 
2019-01-17 13:58:14 +0000  1900 bytes for ./www/build/26.js
2019-01-17 13:58:14 +0000  copying file ./www/build/12.js ... 
2019-01-17 13:58:14 +0000  1751 bytes for ./www/build/12.js
2019-01-17 13:58:14 +0000  copying file ./www/build/8.js.map ... 
2019-01-17 13:58:14 +0000  742 bytes for ./www/build/8.js.map
2019-01-17 13:58:14 +0000  copying file ./www/build/36.js ... 
2019-01-17 13:58:14 +0000  1842 bytes for ./www/build/36.js
2019-01-17 13:58:14 +0000  copying file ./www/build/4.js.map ... 
2019-01-17 13:58:14 +0000  701 bytes for ./www/build/4.js.map
2019-01-17 13:58:14 +0000  copying file ./www/build/16.js ... 
2019-01-17 13:58:14 +0000  1856 bytes for ./www/build/16.js
2019-01-17 13:58:14 +0000  copying file ./www/build/11.js.map ... 
2019-01-17 13:58:14 +0000  785 bytes for ./www/build/11.js.map
2019-01-17 13:58:14 +0000  copying file ./www/build/22.js ... 
2019-01-17 13:58:14 +0000  1729 bytes for ./www/build/22.js
2019-01-17 13:58:14 +0000  copying file ./www/build/35.js.map ... 
2019-01-17 13:58:14 +0000  759 bytes for ./www/build/35.js.map
2019-01-17 13:58:14 +0000  copying file ./www/build/32.js ... 
2019-01-17 13:58:14 +0000  1820 bytes for ./www/build/32.js
2019-01-17 13:58:14 +0000  copying file ./www/build/27.js.map ... 
2019-01-17 13:58:14 +0000  950 bytes for ./www/build/27.js.map
2019-01-17 13:58:14 +0000  copying file ./www/build/0.js.map ... 
2019-01-17 13:58:14 +0000  732 bytes for ./www/build/0.js.map
2019-01-17 13:58:14 +0000  copying file ./www/build/29.js ... 
2019-01-17 13:58:14 +0000  1845 bytes for ./www/build/29.js
2019-01-17 13:58:14 +0000  copying file ./www/build/4.js ... 
2019-01-17 13:58:14 +0000  1748 bytes for ./www/build/4.js
2019-01-17 13:58:14 +0000  copying file ./www/build/23.js.map ... 
2019-01-17 13:58:14 +0000  757 bytes for ./www/build/23.js.map
2019-01-17 13:58:14 +0000  copying file ./www/build/19.js ... 
2019-01-17 13:58:14 +0000  1845 bytes for ./www/build/19.js
2019-01-17 13:58:14 +0000  copying file ./www/build/31.js.map ... 
2019-01-17 13:58:14 +0000  693 bytes for ./www/build/31.js.map
2019-01-17 13:58:14 +0000  copying file ./www/build/19.js.map ... 
2019-01-17 13:58:14 +0000  817 bytes for ./www/build/19.js.map
2019-01-17 13:58:14 +0000  copying file ./www/build/0.js ... 
2019-01-17 13:58:14 +0000  1782 bytes for ./www/build/0.js
2019-01-17 13:58:14 +0000  copying file ./www/build/15.js.map ... 
2019-01-17 13:58:14 +0000  834 bytes for ./www/build/15.js.map
2019-01-17 13:58:14 +0000  copying file ./www/build/33.js.map ... 
2019-01-17 13:58:14 +0000  715 bytes for ./www/build/33.js.map
2019-01-17 13:58:14 +0000  copying file ./www/build/21.js.map ... 
2019-01-17 13:58:14 +0000  808 bytes for ./www/build/21.js.map
2019-01-17 13:58:14 +0000  copying file ./www/build/18.js ... 
2019-01-17 13:58:14 +0000  1787 bytes for ./www/build/18.js
2019-01-17 13:58:14 +0000  copying file ./www/build/17.js.map ... 
2019-01-17 13:58:14 +0000  702 bytes for ./www/build/17.js.map
2019-01-17 13:58:14 +0000  copying file ./www/build/1.js ... 
2019-01-17 13:58:14 +0000  1840 bytes for ./www/build/1.js
2019-01-17 13:58:14 +0000  copying file ./www/build/sw-toolbox.js ... 
2019-01-17 13:58:14 +0000  15793 bytes for ./www/build/sw-toolbox.js
2019-01-17 13:58:14 +0000  copying file ./www/build/2.js.map ... 
2019-01-17 13:58:14 +0000  701 bytes for ./www/build/2.js.map
2019-01-17 13:58:14 +0000  copying file ./www/build/vendor.js.map ... 
2019-01-17 13:58:14 +0000  8771848 bytes for ./www/build/vendor.js.map
2019-01-17 13:58:14 +0000  copying file ./www/build/28.js ... 
1834 bytes for ./www/build/28.js
copying file ./www/build/5.js ... 
1807 bytes for ./www/build/5.js
2019-01-17 13:58:14 +0000  copying file ./www/assets/imgs/logo.png ... 
2019-01-17 13:58:14 +0000  39757 bytes for ./www/assets/imgs/logo.png
2019-01-17 13:58:14 +0000  copying file ./www/assets/icon/favicon.ico ... 
2019-01-17 13:58:14 +0000  1981 bytes for ./www/assets/icon/favicon.ico
2019-01-17 13:58:14 +0000  copying file ./www/assets/fonts/roboto-medium.ttf ... 
2019-01-17 13:58:14 +0000  19752 bytes for ./www/assets/fonts/roboto-medium.ttf
2019-01-17 13:58:14 +0000  copying file ./www/assets/fonts/roboto-light.woff2 ... 
2019-01-17 13:58:14 +0000  10220 bytes for ./www/assets/fonts/roboto-light.woff2
2019-01-17 13:58:14 +0000  copying file ./www/assets/fonts/roboto-light.ttf ... 
2019-01-17 13:58:14 +0000  19908 bytes for ./www/assets/fonts/roboto-light.ttf
2019-01-17 13:58:14 +0000  copying file ./www/assets/fonts/roboto-regular.woff2 ... 
2019-01-17 13:58:14 +0000  10196 bytes for ./www/assets/fonts/roboto-regular.woff2
2019-01-17 13:58:14 +0000  copying file ./www/assets/fonts/roboto-regular.woff ... 
2019-01-17 13:58:14 +0000  13308 bytes for ./www/assets/fonts/roboto-regular.woff
2019-01-17 13:58:14 +0000  copying file ./www/assets/fonts/noto-sans-bold.ttf ... 
2019-01-17 13:58:14 +0000  415132 bytes for ./www/assets/fonts/noto-sans-bold.ttf
2019-01-17 13:58:14 +0000  copying file ./www/assets/fonts/ionicons.eot ... 
2019-01-17 13:58:14 +0000  144114 bytes for ./www/assets/fonts/ionicons.eot
2019-01-17 13:58:14 +0000  copying file ./www/assets/fonts/noto-sans-bold.woff ... 
2019-01-17 13:58:14 +0000  211888 bytes for ./www/assets/fonts/noto-sans-bold.woff
2019-01-17 13:58:14 +0000  copying file ./www/assets/fonts/roboto-light.woff ... 
2019-01-17 13:58:14 +0000  13360 bytes for ./www/assets/fonts/roboto-light.woff
2019-01-17 13:58:14 +0000  copying file ./www/assets/fonts/roboto-medium.woff2 ... 
2019-01-17 13:58:14 +0000  10192 bytes for ./www/assets/fonts/roboto-medium.woff2
2019-01-17 13:58:14 +0000  copying file ./www/assets/fonts/ionicons.woff ... 
2019-01-17 13:58:14 +0000  80356 bytes for ./www/assets/fonts/ionicons.woff
2019-01-17 13:58:14 +0000  copying file ./www/assets/fonts/roboto-regular.ttf ... 
2019-01-17 13:58:14 +0000  19876 bytes for ./www/assets/fonts/roboto-regular.ttf
2019-01-17 13:58:14 +0000  copying file ./www/assets/fonts/ionicons.ttf ... 
2019-01-17 13:58:14 +0000  143936 bytes for ./www/assets/fonts/ionicons.ttf
2019-01-17 13:58:14 +0000  copying file ./www/assets/fonts/roboto-bold.woff2 ... 
2019-01-17 13:58:14 +0000  10212 bytes for ./www/assets/fonts/roboto-bold.woff2
2019-01-17 13:58:14 +0000  copying file ./www/assets/fonts/noto-sans.scss ... 
2019-01-17 13:58:14 +0000  1282 bytes for ./www/assets/fonts/noto-sans.scss
2019-01-17 13:58:14 +0000  copying file ./www/assets/fonts/roboto.scss ... 
2019-01-17 13:58:14 +0000  1458 bytes for ./www/assets/fonts/roboto.scss
2019-01-17 13:58:14 +0000  copying file ./www/assets/fonts/noto-sans-regular.woff ... 
2019-01-17 13:58:14 +0000  212780 bytes for ./www/assets/fonts/noto-sans-regular.woff
2019-01-17 13:58:14 +0000  copying file ./www/assets/fonts/roboto-medium.woff ... 
2019-01-17 13:58:14 +0000  13248 bytes for ./www/assets/fonts/roboto-medium.woff
2019-01-17 13:58:14 +0000  copying file ./www/assets/fonts/roboto-bold.woff ... 
2019-01-17 13:58:14 +0000  13348 bytes for ./www/assets/fonts/roboto-bold.woff
2019-01-17 13:58:14 +0000  copying file ./www/assets/fonts/noto-sans-regular.ttf ... 
2019-01-17 13:58:14 +0000  414820 bytes for ./www/assets/fonts/noto-sans-regular.ttf
2019-01-17 13:58:14 +0000  copying file ./www/assets/fonts/ionicons.svg ... 
2019-01-17 13:58:14 +0000  400219 bytes for ./www/assets/fonts/ionicons.svg
2019-01-17 13:58:14 +0000  copying file ./www/assets/fonts/roboto-bold.ttf ... 
2019-01-17 13:58:14 +0000  20040 bytes for ./www/assets/fonts/roboto-bold.ttf
2019-01-17 13:58:14 +0000  copying file ./www/assets/fonts/ionicons.woff2 ... 
2019-01-17 13:58:14 +0000  61020 bytes for ./www/assets/fonts/ionicons.woff2
2019-01-17 13:58:14 +0000  copying file ./www/assets/fonts/ionicons.scss ... 
2019-01-17 13:58:14 +0000  1152 bytes for ./www/assets/fonts/ionicons.scss
2019-01-17 13:58:14 +0000  copying file ./www/wk-plugin.js ... 
2019-01-17 13:58:14 +0000  1779 bytes for ./www/wk-plugin.js
2019-01-17 13:58:14 +0000  copying file ./LaunchImage-700-Portrait~ipad.png ... 
2019-01-17 13:58:14 +0000  27730 bytes for ./LaunchImage-700-Portrait~ipad.png
2019-01-17 13:58:14 +0000  copying file ./Assets.car ... 
2019-01-17 13:58:14 +0000  429048 bytes for ./Assets.car
2019-01-17 13:58:14 +0000  copying file ./AppIcon40x40@2x~ipad.png ... 
2019-01-17 13:58:14 +0000  6007 bytes for ./AppIcon40x40@2x~ipad.png
2019-01-17 13:58:14 +0000  copying file ./AppIcon76x76@2x~ipad.png ... 
2019-01-17 13:58:14 +0000  12272 bytes for ./AppIcon76x76@2x~ipad.png
copying file ./LaunchImage-800-Portrait-736h@3x.png ... 
2019-01-17 13:58:14 +0000  55589 bytes for ./LaunchImage-800-Portrait-736h@3x.png
2019-01-17 13:58:14 +0000  copying file ./AppIcon72x72~ipad.png ... 
2019-01-17 13:58:14 +0000  4845 bytes for ./AppIcon72x72~ipad.png
2019-01-17 13:58:14 +0000  copying file ./CDVLaunchScreen.storyboardc/01J-lp-oVM-view-Ze5-6b-2t3.nib ... 
2019-01-17 13:58:14 +0000  2285 bytes for ./CDVLaunchScreen.storyboardc/01J-lp-oVM-view-Ze5-6b-2t3.nib
2019-01-17 13:58:14 +0000  copying file ./CDVLaunchScreen.storyboardc/UIViewController-01J-lp-oVM.nib ... 
2019-01-17 13:58:14 +0000  832 bytes for ./CDVLaunchScreen.storyboardc/UIViewController-01J-lp-oVM.nib
2019-01-17 13:58:14 +0000  copying file ./CDVLaunchScreen.storyboardc/Info.plist ... 
2019-01-17 13:58:14 +0000  258 bytes for ./CDVLaunchScreen.storyboardc/Info.plist
2019-01-17 13:58:14 +0000  copying file ./LaunchImage-700@2x.png ... 
2019-01-17 13:58:14 +0000  22897 bytes for ./LaunchImage-700@2x.png
2019-01-17 13:58:14 +0000  copying file ./AppIcon83.5x83.5@2x~ipad.png ... 
2019-01-17 13:58:14 +0000  14259 bytes for ./AppIcon83.5x83.5@2x~ipad.png
2019-01-17 13:58:14 +0000  copying file ./LaunchImage-700-568h@2x.png ... 
2019-01-17 13:58:14 +0000  42752 bytes for ./LaunchImage-700-568h@2x.png
2019-01-17 13:58:14 +0000  copying file ./AppIcon50x50~ipad.png ... 
2019-01-17 13:58:14 +0000  2325 bytes for ./AppIcon50x50~ipad.png
2019-01-17 13:58:14 +0000  copying file ./AppIcon29x29@2x~ipad.png ... 
2019-01-17 13:58:14 +0000  2764 bytes for ./AppIcon29x29@2x~ipad.png
2019-01-17 13:58:14 +0000  copying file ./LaunchImage-700-Landscape@2x~ipad.png ... 
2019-01-17 13:58:14 +0000  144364 bytes for ./LaunchImage-700-Landscape@2x~ipad.png
2019-01-17 13:58:14 +0000  copying file ./AppIcon50x50@2x~ipad.png ... 
2019-01-17 13:58:14 +0000  7707 bytes for ./AppIcon50x50@2x~ipad.png
2019-01-17 13:58:14 +0000  copying file ./AppIcon40x40~ipad.png ... 
2019-01-17 13:58:14 +0000  1511 bytes for ./AppIcon40x40~ipad.png
copying file ./LaunchImage.png ... 
2019-01-17 13:58:14 +0000  9333 bytes for ./LaunchImage.png
2019-01-17 13:58:14 +0000  copying file ./embedded.mobileprovision ... 
2019-01-17 13:58:14 +0000  11742 bytes for ./embedded.mobileprovision
2019-01-17 13:58:14 +0000  copying file ./LaunchImage-800-Landscape-736h@3x.png ... 
2019-01-17 13:58:14 +0000  54731 bytes for ./LaunchImage-800-Landscape-736h@3x.png
copying file ./LaunchImage-700-Portrait@2x~ipad.png ... 
2019-01-17 13:58:14 +0000  151156 bytes for ./LaunchImage-700-Portrait@2x~ipad.png
2019-01-17 13:58:14 +0000  copying file ./LaunchImage-700-Landscape~ipad.png ... 
2019-01-17 13:58:15 +0000  27542 bytes for ./LaunchImage-700-Landscape~ipad.png
2019-01-17 13:58:15 +0000  copying file ./CDVBarcodeScanner.bundle/beep.caf ... 
2019-01-17 13:58:15 +0000  16020 bytes for ./CDVBarcodeScanner.bundle/beep.caf
2019-01-17 13:58:15 +0000  copying file ./CDVBarcodeScanner.bundle/torch.png ... 
2019-01-17 13:58:15 +0000  3173 bytes for ./CDVBarcodeScanner.bundle/torch.png
2019-01-17 13:58:15 +0000  copying file ./CDVBarcodeScanner.bundle/torch@2x.png ... 
2019-01-17 13:58:15 +0000  3687 bytes for ./CDVBarcodeScanner.bundle/torch@2x.png
2019-01-17 13:58:15 +0000  copying file ./CDVBarcodeScanner.bundle/torch@3x.png ... 
2019-01-17 13:58:15 +0000  4302 bytes for ./CDVBarcodeScanner.bundle/torch@3x.png
2019-01-17 13:58:15 +0000  copying file ./Info.plist ... 
2019-01-17 13:58:15 +0000  2166 bytes for ./Info.plist
2019-01-17 13:58:15 +0000  copying file ./PkgInfo ... 
2019-01-17 13:58:15 +0000  8 bytes for ./PkgInfo
2019-01-17 13:58:15 +0000  copying file ./AppIcon76x76~ipad.png ... 
2019-01-17 13:58:15 +0000  5619 bytes for ./AppIcon76x76~ipad.png
2019-01-17 13:58:15 +0000  /usr/bin/ditto exited with 0
2019-01-17 13:58:15 +0000  Processing step: IDEDistributionEmbedProfileStep
2019-01-17 13:58:15 +0000  Processing step: IDEDistributionAppThinningPlistStep
2019-01-17 13:58:15 +0000  Skipping step: IDEDistributionAppThinningPlistStep because it said so
2019-01-17 13:58:15 +0000  Processing step: IDEDistributionCompileBitcodeStep
2019-01-17 13:58:15 +0000  Skipping step: IDEDistributionCompileBitcodeStep because it said so
2019-01-17 13:58:15 +0000  Processing step: IDEDistributionCodeSlimmingStep
2019-01-17 13:58:15 +0000  Processing step: IDEDistributionCopyBCSymbolMapsStep
2019-01-17 13:58:15 +0000  Skipping step: IDEDistributionCopyBCSymbolMapsStep because it said so
2019-01-17 13:58:15 +0000  Processing step: IDEDistributionSymbolsStep
2019-01-17 13:58:15 +0000  Skipping step: IDEDistributionSymbolsStep because it said so
2019-01-17 13:58:15 +0000  Processing step: IDEDistributionAppThinningStep
2019-01-17 13:58:15 +0000  Skipping step: IDEDistributionAppThinningStep because it said so
2019-01-17 13:58:15 +0000  Processing step: IDEDistributionArchThinningStep
2019-01-17 13:58:15 +0000  Running /Applications/Xcode.app/Contents/Developer/Toolchains/XcodeDefault.xctoolchain/usr/bin/lipo '/var/folders/gv/0435cfdx29qf_23ly8yb91qjzc0hcn/T/XcodeDistPipeline.T17/Root/Payload/Bela.app/Bela' '-verify_arch' 'arm64e'
2019-01-17 13:58:15 +0000  /Applications/Xcode.app/Contents/Developer/Toolchains/XcodeDefault.xctoolchain/usr/bin/lipo exited with 1
2019-01-17 13:58:15 +0000  Skipping architecture thinning for item "Bela" because arch "arm64e" wasn't found
2019-01-17 13:58:15 +0000  Processing step: IDEDistributionODRStep
2019-01-17 13:58:15 +0000  Processing step: IDEDistributionStripXattrsStep
2019-01-17 13:58:15 +0000  Running /usr/bin/xattr '-crs' '/var/folders/gv/0435cfdx29qf_23ly8yb91qjzc0hcn/T/XcodeDistPipeline.T17/Root/Payload/Bela.app'
2019-01-17 13:58:15 +0000  /usr/bin/xattr exited with 0
2019-01-17 13:58:15 +0000  Processing step: IDEDistributionCodesignStep
2019-01-17 13:58:15 +0000  Entitlements for <IDEDistributionItem: 0x7fabcd0e2480 'net.chukan.bela' '<DVTFilePath:0x7fabcc6394e0:'/Users/caf004m/Library/Developer/Xcode/Archives/2019-01-17/Bela 1-17-19, 7.57 AM.xcarchive/Products/Applications/Bela.app'>'>: {
    "application-identifier" = "PEVL7W78Y7.net.chukan.bela";
    "com.apple.developer.team-identifier" = PEVL7W78Y7;
    "get-task-allow" = 0;
}
2019-01-17 13:58:15 +0000  Writing entitlements for <IDEDistributionItem: 0x7fabcd0e2480 'net.chukan.bela' '<DVTFilePath:0x7fabcc6394e0:'/Users/caf004m/Library/Developer/Xcode/Archives/2019-01-17/Bela 1-17-19, 7.57 AM.xcarchive/Products/Applications/Bela.app'>'> to: /var/folders/gv/0435cfdx29qf_23ly8yb91qjzc0hcn/T/XcodeDistPipeline.T17/entitlementsVY13kc
2019-01-17 13:58:15 +0000  Running /usr/bin/codesign '-vvv' '--force' '--sign' '28022BACA6A3F11B2EC4CCA5935C67BBFFFD1714' '--entitlements' '/var/folders/gv/0435cfdx29qf_23ly8yb91qjzc0hcn/T/XcodeDistPipeline.T17/entitlementsVY13kc' '--preserve-metadata=identifier,flags,runtime' '/var/folders/gv/0435cfdx29qf_23ly8yb91qjzc0hcn/T/XcodeDistPipeline.T17/Root/Payload/Bela.app'
2019-01-17 13:58:15 +0000  /var/folders/gv/0435cfdx29qf_23ly8yb91qjzc0hcn/T/XcodeDistPipeline.T17/Root/Payload/Bela.app: replacing existing signature
2019-01-17 13:58:15 +0000  /var/folders/gv/0435cfdx29qf_23ly8yb91qjzc0hcn/T/XcodeDistPipeline.T17/Root/Payload/Bela.app: signed app bundle with Mach-O universal (armv7 arm64) [net.chukan.bela]
2019-01-17 13:58:15 +0000  /usr/bin/codesign exited with 0
2019-01-17 13:58:15 +0000  Processing step: IDEDistributionZipODRItemStep
2019-01-17 13:58:15 +0000  Skipping step: IDEDistributionZipODRItemStep because it said so
2019-01-17 13:58:15 +0000  Processing step: IDEDistributionCreateIPAStep
2019-01-17 13:58:15 +0000  Running /usr/bin/ditto '-V' '-c' '-k' '--norsrc' '/var/folders/gv/0435cfdx29qf_23ly8yb91qjzc0hcn/T/XcodeDistPipeline.T17/Root' '/var/folders/gv/0435cfdx29qf_23ly8yb91qjzc0hcn/T/XcodeDistPipeline.T17/Packages/Bela.ipa'
2019-01-17 13:58:15 +0000  >>> Copying /var/folders/gv/0435cfdx29qf_23ly8yb91qjzc0hcn/T/XcodeDistPipeline.T17/Root 
2019-01-17 13:58:15 +0000  copying file ./Payload/Bela.app/_CodeSignature/CodeResources ... 
2019-01-17 13:58:15 +0000  63931 bytes for ./Payload/Bela.app/_CodeSignature/CodeResources
2019-01-17 13:58:15 +0000  copying file ./Payload/Bela.app/scannerOverlay.nib ... 
2019-01-17 13:58:15 +0000  1462 bytes for ./Payload/Bela.app/scannerOverlay.nib
copying file ./Payload/Bela.app/LaunchImage@2x.png ... 
2019-01-17 13:58:15 +0000  22897 bytes for ./Payload/Bela.app/LaunchImage@2x.png
copying file ./Payload/Bela.app/MainViewController.nib ... 
2019-01-17 13:58:15 +0000  943 bytes for ./Payload/Bela.app/MainViewController.nib
copying file ./Payload/Bela.app/AppIcon57x57.png ... 
2019-01-17 13:58:15 +0000  2571 bytes for ./Payload/Bela.app/AppIcon57x57.png
copying file ./Payload/Bela.app/Bela ... 
2019-01-17 13:58:15 +0000  1263568 bytes for ./Payload/Bela.app/Bela
copying file ./Payload/Bela.app/AppIcon29x29.png ... 
2019-01-17 13:58:15 +0000  994 bytes for ./Payload/Bela.app/AppIcon29x29.png
copying file ./Payload/Bela.app/LaunchImage-568h@2x.png ... 
2019-01-17 13:58:15 +0000  42752 bytes for ./Payload/Bela.app/LaunchImage-568h@2x.png
copying file ./Payload/Bela.app/AppIcon60x60@2x.png ... 
2019-01-17 13:58:15 +0000  9342 bytes for ./Payload/Bela.app/AppIcon60x60@2x.png
2019-01-17 13:58:15 +0000  copying file ./Payload/Bela.app/AppIcon72x72@2x~ipad.png ... 
2019-01-17 13:58:15 +0000  11640 bytes for ./Payload/Bela.app/AppIcon72x72@2x~ipad.png
copying file ./Payload/Bela.app/AppIcon29x29@2x.png ... 
2019-01-17 13:58:15 +0000  2764 bytes for ./Payload/Bela.app/AppIcon29x29@2x.png
copying file ./Payload/Bela.app/LaunchImage-800-667h@2x.png ... 
2019-01-17 13:58:15 +0000  54257 bytes for ./Payload/Bela.app/LaunchImage-800-667h@2x.png
copying file ./Payload/Bela.app/LaunchImage-Portrait@2x~ipad.png ... 
2019-01-17 13:58:15 +0000  151156 bytes for ./Payload/Bela.app/LaunchImage-Portrait@2x~ipad.png
copying file ./Payload/Bela.app/AppIcon40x40@3x.png ... 
2019-01-17 13:58:15 +0000  9342 bytes for ./Payload/Bela.app/AppIcon40x40@3x.png
copying file ./Payload/Bela.app/AppIcon57x57@2x.png ... 
2019-01-17 13:58:15 +0000  8939 bytes for ./Payload/Bela.app/AppIcon57x57@2x.png
copying file ./Payload/Bela.app/AppIcon29x29~ipad.png ... 
2019-01-17 13:58:15 +0000  994 bytes for ./Payload/Bela.app/AppIcon29x29~ipad.png
copying file ./Payload/Bela.app/AppIcon40x40@2x.png ... 
2019-01-17 13:58:15 +0000  6007 bytes for ./Payload/Bela.app/AppIcon40x40@2x.png
copying file ./Payload/Bela.app/LaunchImage-Portrait~ipad.png ... 
2019-01-17 13:58:15 +0000  27730 bytes for ./Payload/Bela.app/LaunchImage-Portrait~ipad.png
copying file ./Payload/Bela.app/AppIcon29x29@3x.png ... 
2019-01-17 13:58:15 +0000  6304 bytes for ./Payload/Bela.app/AppIcon29x29@3x.png
copying file ./Payload/Bela.app/AppIcon60x60@3x.png ... 
2019-01-17 13:58:15 +0000  15217 bytes for ./Payload/Bela.app/AppIcon60x60@3x.png
copying file ./Payload/Bela.app/config.xml ... 
2019-01-17 13:58:15 +0000  6363 bytes for ./Payload/Bela.app/config.xml
2019-01-17 13:58:15 +0000  copying file ./Payload/Bela.app/www/index.html ... 
2019-01-17 13:58:15 +0000  1761 bytes for ./Payload/Bela.app/www/index.html
copying file ./Payload/Bela.app/www/cordova.js ... 
2019-01-17 13:58:15 +0000  61623 bytes for ./Payload/Bela.app/www/cordova.js
2019-01-17 13:58:15 +0000  copying file ./Payload/Bela.app/www/plugins/cordova-plugin-file/www/requestFileSystem.js ... 
2019-01-17 13:58:15 +0000  3244 bytes for ./Payload/Bela.app/www/plugins/cordova-plugin-file/www/requestFileSystem.js
copying file ./Payload/Bela.app/www/plugins/cordova-plugin-file/www/DirectoryEntry.js ... 
2019-01-17 13:58:15 +0000  4681 bytes for ./Payload/Bela.app/www/plugins/cordova-plugin-file/www/DirectoryEntry.js
copying file ./Payload/Bela.app/www/plugins/cordova-plugin-file/www/FileSystem.js ... 
2019-01-17 13:58:15 +0000  1960 bytes for ./Payload/Bela.app/www/plugins/cordova-plugin-file/www/FileSystem.js
copying file ./Payload/Bela.app/www/plugins/cordova-plugin-file/www/Flags.js ... 
2019-01-17 13:58:15 +0000  1336 bytes for ./Payload/Bela.app/www/plugins/cordova-plugin-file/www/Flags.js
copying file ./Payload/Bela.app/www/plugins/cordova-plugin-file/www/fileSystemPaths.js ... 
2019-01-17 13:58:15 +0000  2548 bytes for ./Payload/Bela.app/www/plugins/cordova-plugin-file/www/fileSystemPaths.js
copying file ./Payload/Bela.app/www/plugins/cordova-plugin-file/www/FileEntry.js ... 
2019-01-17 13:58:15 +0000  3423 bytes for ./Payload/Bela.app/www/plugins/cordova-plugin-file/www/FileEntry.js
copying file ./Payload/Bela.app/www/plugins/cordova-plugin-file/www/fileSystems.js ... 
2019-01-17 13:58:15 +0000  1047 bytes for ./Payload/Bela.app/www/plugins/cordova-plugin-file/www/fileSystems.js
copying file ./Payload/Bela.app/www/plugins/cordova-plugin-file/www/DirectoryReader.js ... 
2019-01-17 13:58:15 +0000  2724 bytes for ./Payload/Bela.app/www/plugins/cordova-plugin-file/www/DirectoryReader.js
copying file ./Payload/Bela.app/www/plugins/cordova-plugin-file/www/Metadata.js ... 
2019-01-17 13:58:15 +0000  1488 bytes for ./Payload/Bela.app/www/plugins/cordova-plugin-file/www/Metadata.js
2019-01-17 13:58:15 +0000  copying file ./Payload/Bela.app/www/plugins/cordova-plugin-file/www/ios/FileSystem.js ... 
2019-01-17 13:58:15 +0000  1222 bytes for ./Payload/Bela.app/www/plugins/cordova-plugin-file/www/ios/FileSystem.js
2019-01-17 13:58:15 +0000  copying file ./Payload/Bela.app/www/plugins/cordova-plugin-file/www/browser/isChrome.js ... 
2019-01-17 13:58:15 +0000  1232 bytes for ./Payload/Bela.app/www/plugins/cordova-plugin-file/www/browser/isChrome.js
2019-01-17 13:58:15 +0000  copying file ./Payload/Bela.app/www/plugins/cordova-plugin-file/www/LocalFileSystem.js ... 
2019-01-17 13:58:15 +0000  957 bytes for ./Payload/Bela.app/www/plugins/cordova-plugin-file/www/LocalFileSystem.js
copying file ./Payload/Bela.app/www/plugins/cordova-plugin-file/www/FileReader.js ... 
2019-01-17 13:58:15 +0000  10523 bytes for ./Payload/Bela.app/www/plugins/cordova-plugin-file/www/FileReader.js
copying file ./Payload/Bela.app/www/plugins/cordova-plugin-file/www/fileSystems-roots.js ... 
2019-01-17 13:58:15 +0000  1598 bytes for ./Payload/Bela.app/www/plugins/cordova-plugin-file/www/fileSystems-roots.js
copying file ./Payload/Bela.app/www/plugins/cordova-plugin-file/www/FileUploadOptions.js ... 
2019-01-17 13:58:15 +0000  1831 bytes for ./Payload/Bela.app/www/plugins/cordova-plugin-file/www/FileUploadOptions.js
copying file ./Payload/Bela.app/www/plugins/cordova-plugin-file/www/FileWriter.js ... 
2019-01-17 13:58:15 +0000  10544 bytes for ./Payload/Bela.app/www/plugins/cordova-plugin-file/www/FileWriter.js
copying file ./Payload/Bela.app/www/plugins/cordova-plugin-file/www/FileError.js ... 
2019-01-17 13:58:15 +0000  1483 bytes for ./Payload/Bela.app/www/plugins/cordova-plugin-file/www/FileError.js
copying file ./Payload/Bela.app/www/plugins/cordova-plugin-file/www/FileUploadResult.js ... 
2019-01-17 13:58:15 +0000  1111 bytes for ./Payload/Bela.app/www/plugins/cordova-plugin-file/www/FileUploadResult.js
copying file ./Payload/Bela.app/www/plugins/cordova-plugin-file/www/ProgressEvent.js ... 
2019-01-17 13:58:15 +0000  2544 bytes for ./Payload/Bela.app/www/plugins/cordova-plugin-file/www/ProgressEvent.js
copying file ./Payload/Bela.app/www/plugins/cordova-plugin-file/www/File.js ... 
2019-01-17 13:58:15 +0000  2714 bytes for ./Payload/Bela.app/www/plugins/cordova-plugin-file/www/File.js
copying file ./Payload/Bela.app/www/plugins/cordova-plugin-file/www/resolveLocalFileSystemURI.js ... 
2019-01-17 13:58:15 +0000  4325 bytes for ./Payload/Bela.app/www/plugins/cordova-plugin-file/www/resolveLocalFileSystemURI.js
copying file ./Payload/Bela.app/www/plugins/cordova-plugin-file/www/Entry.js ... 
2019-01-17 13:58:15 +0000  9869 bytes for ./Payload/Bela.app/www/plugins/cordova-plugin-file/www/Entry.js
2019-01-17 13:58:15 +0000  copying file ./Payload/Bela.app/www/plugins/com-badrit-base64/www/Base64.js ... 
2019-01-17 13:58:15 +0000  995 bytes for ./Payload/Bela.app/www/plugins/com-badrit-base64/www/Base64.js
2019-01-17 13:58:15 +0000  copying file ./Payload/Bela.app/www/plugins/cordova-plugin-ionic-webview/src/www/ios/ios-wkwebview-exec.js ... 
2019-01-17 13:58:15 +0000  6167 bytes for ./Payload/Bela.app/www/plugins/cordova-plugin-ionic-webview/src/www/ios/ios-wkwebview-exec.js
2019-01-17 13:58:15 +0000  copying file ./Payload/Bela.app/www/plugins/cordova-plugin-device/www/device.js ... 
2019-01-17 13:58:15 +0000  3070 bytes for ./Payload/Bela.app/www/plugins/cordova-plugin-device/www/device.js
2019-01-17 13:58:15 +0000  copying file ./Payload/Bela.app/www/plugins/cordova-plugin-file-transfer/www/FileTransferError.js ... 
2019-01-17 13:58:15 +0000  1488 bytes for ./Payload/Bela.app/www/plugins/cordova-plugin-file-transfer/www/FileTransferError.js
2019-01-17 13:58:15 +0000  copying file ./Payload/Bela.app/www/plugins/cordova-plugin-file-transfer/www/FileTransfer.js ... 
2019-01-17 13:58:15 +0000  8568 bytes for ./Payload/Bela.app/www/plugins/cordova-plugin-file-transfer/www/FileTransfer.js
2019-01-17 13:58:15 +0000  copying file ./Payload/Bela.app/www/plugins/phonegap-plugin-barcodescanner/www/barcodescanner.js ... 
2019-01-17 13:58:15 +0000  5020 bytes for ./Payload/Bela.app/www/plugins/phonegap-plugin-barcodescanner/www/barcodescanner.js
2019-01-17 13:58:15 +0000  copying file ./Payload/Bela.app/www/plugins/cordova-plugin-camera/www/CameraPopoverOptions.js ... 
2019-01-17 13:58:15 +0000  2296 bytes for ./Payload/Bela.app/www/plugins/cordova-plugin-camera/www/CameraPopoverOptions.js
2019-01-17 13:58:15 +0000  copying file ./Payload/Bela.app/www/plugins/cordova-plugin-camera/www/ios/CameraPopoverHandle.js ... 
2019-01-17 13:58:15 +0000  2271 bytes for ./Payload/Bela.app/www/plugins/cordova-plugin-camera/www/ios/CameraPopoverHandle.js
2019-01-17 13:58:15 +0000  copying file ./Payload/Bela.app/www/plugins/cordova-plugin-camera/www/CameraConstants.js ... 
2019-01-17 13:58:15 +0000  3488 bytes for ./Payload/Bela.app/www/plugins/cordova-plugin-camera/www/CameraConstants.js
2019-01-17 13:58:15 +0000  copying file ./Payload/Bela.app/www/plugins/cordova-plugin-camera/www/Camera.js ... 
2019-01-17 13:58:15 +0000  7995 bytes for ./Payload/Bela.app/www/plugins/cordova-plugin-camera/www/Camera.js
2019-01-17 13:58:15 +0000  copying file ./Payload/Bela.app/www/plugins/cordova-plugin-splashscreen/www/splashscreen.js ... 
2019-01-17 13:58:15 +0000  1173 bytes for ./Payload/Bela.app/www/plugins/cordova-plugin-splashscreen/www/splashscreen.js
2019-01-17 13:58:15 +0000  copying file ./Payload/Bela.app/www/plugins/cordova-plugin-ionic-keyboard/www/ios/keyboard.js ... 
2019-01-17 13:58:15 +0000  2676 bytes for ./Payload/Bela.app/www/plugins/cordova-plugin-ionic-keyboard/www/ios/keyboard.js
2019-01-17 13:58:15 +0000  copying file ./Payload/Bela.app/www/cordova-js-src/exec.js ... 
2019-01-17 13:58:15 +0000  8877 bytes for ./Payload/Bela.app/www/cordova-js-src/exec.js
2019-01-17 13:58:15 +0000  copying file ./Payload/Bela.app/www/cordova-js-src/platform.js ... 
2019-01-17 13:58:15 +0000  943 bytes for ./Payload/Bela.app/www/cordova-js-src/platform.js
2019-01-17 13:58:15 +0000  copying file ./Payload/Bela.app/www/manifest.json ... 
2019-01-17 13:58:15 +0000  274 bytes for ./Payload/Bela.app/www/manifest.json
copying file ./Payload/Bela.app/www/cordova_plugins.js ... 
2019-01-17 13:58:15 +0000  8781 bytes for ./Payload/Bela.app/www/cordova_plugins.js
2019-01-17 13:58:15 +0000  copying file ./Payload/Bela.app/www/service-worker.js ... 
2019-01-17 13:58:15 +0000  741 bytes for ./Payload/Bela.app/www/service-worker.js
2019-01-17 13:58:15 +0000  copying file ./Payload/Bela.app/www/build/7.js.map ... 
2019-01-17 13:58:15 +0000  790 bytes for ./Payload/Bela.app/www/build/7.js.map
2019-01-17 13:58:15 +0000  copying file ./Payload/Bela.app/www/build/2.js ... 
2019-01-17 13:58:15 +0000  1749 bytes for ./Payload/Bela.app/www/build/2.js
copying file ./Payload/Bela.app/www/build/24.js.map ... 
2019-01-17 13:58:15 +0000  848 bytes for ./Payload/Bela.app/www/build/24.js.map
2019-01-17 13:58:15 +0000  copying file ./Payload/Bela.app/www/build/28.js.map ... 
2019-01-17 13:58:15 +0000  812 bytes for ./Payload/Bela.app/www/build/28.js.map
copying file ./Payload/Bela.app/www/build/36.js.map ... 
2019-01-17 13:58:15 +0000  796 bytes for ./Payload/Bela.app/www/build/36.js.map
2019-01-17 13:58:15 +0000  copying file ./Payload/Bela.app/www/build/6.js ... 
2019-01-17 13:58:15 +0000  1770 bytes for ./Payload/Bela.app/www/build/6.js
copying file ./Payload/Bela.app/www/build/12.js.map ... 
2019-01-17 13:58:15 +0000  702 bytes for ./Payload/Bela.app/www/build/12.js.map
2019-01-17 13:58:15 +0000  copying file ./Payload/Bela.app/www/build/34.js.map ... 
2019-01-17 13:58:15 +0000  702 bytes for ./Payload/Bela.app/www/build/34.js.map
copying file ./Payload/Bela.app/www/build/26.js.map ... 
2019-01-17 13:58:15 +0000  867 bytes for ./Payload/Bela.app/www/build/26.js.map
2019-01-17 13:58:15 +0000  copying file ./Payload/Bela.app/www/build/10.js.map ... 
2019-01-17 13:58:15 +0000  766 bytes for ./Payload/Bela.app/www/build/10.js.map
copying file ./Payload/Bela.app/www/build/7.js ... 
2019-01-17 13:58:15 +0000  1829 bytes for ./Payload/Bela.app/www/build/7.js
2019-01-17 13:58:15 +0000  copying file ./Payload/Bela.app/www/build/9.js.map ... 
2019-01-17 13:58:15 +0000  692 bytes for ./Payload/Bela.app/www/build/9.js.map
copying file ./Payload/Bela.app/www/build/5.js.map ... 
2019-01-17 13:58:15 +0000  767 bytes for ./Payload/Bela.app/www/build/5.js.map
2019-01-17 13:58:15 +0000  copying file ./Payload/Bela.app/www/build/main.js.map ... 
2019-01-17 13:58:15 +0000  606292 bytes for ./Payload/Bela.app/www/build/main.js.map
2019-01-17 13:58:15 +0000  copying file ./Payload/Bela.app/www/build/3.js ... 
1807 bytes for ./Payload/Bela.app/www/build/3.js
copying file ./Payload/Bela.app/www/build/25.js ... 
2019-01-17 13:58:15 +0000  1888 bytes for ./Payload/Bela.app/www/build/25.js
copying file ./Payload/Bela.app/www/build/18.js.map ... 
2019-01-17 13:58:15 +0000  746 bytes for ./Payload/Bela.app/www/build/18.js.map
2019-01-17 13:58:15 +0000  copying file ./Payload/Bela.app/www/build/11.js ... 
2019-01-17 13:58:15 +0000  1831 bytes for ./Payload/Bela.app/www/build/11.js
copying file ./Payload/Bela.app/www/build/14.js.map ... 
2019-01-17 13:58:15 +0000  861 bytes for ./Payload/Bela.app/www/build/14.js.map
copying file ./Payload/Bela.app/www/build/22.js.map ... 
2019-01-17 13:58:15 +0000  685 bytes for ./Payload/Bela.app/www/build/22.js.map
copying file ./Payload/Bela.app/www/build/main.css.map ... 
2019-01-17 13:58:15 +0000  4 bytes for ./Payload/Bela.app/www/build/main.css.map
copying file ./Payload/Bela.app/www/build/30.js.map ... 
2019-01-17 13:58:15 +0000  857 bytes for ./Payload/Bela.app/www/build/30.js.map
copying file ./Payload/Bela.app/www/build/8.js ... 
2019-01-17 13:58:15 +0000  1876 bytes for ./Payload/Bela.app/www/build/8.js
copying file ./Payload/Bela.app/www/build/35.js ... 
2019-01-17 13:58:15 +0000  1798 bytes for ./Payload/Bela.app/www/build/35.js
2019-01-17 13:58:15 +0000  copying file ./Payload/Bela.app/www/build/15.js ... 
2019-01-17 13:58:15 +0000  1856 bytes for ./Payload/Bela.app/www/build/15.js
copying file ./Payload/Bela.app/www/build/polyfills.js ... 
2019-01-17 13:58:15 +0000  97180 bytes for ./Payload/Bela.app/www/build/polyfills.js
copying file ./Payload/Bela.app/www/build/21.js ... 
2019-01-17 13:58:15 +0000  1834 bytes for ./Payload/Bela.app/www/build/21.js
copying file ./Payload/Bela.app/www/build/1.js.map ... 
2019-01-17 13:58:15 +0000  801 bytes for ./Payload/Bela.app/www/build/1.js.map
2019-01-17 13:58:15 +0000  copying file ./Payload/Bela.app/www/build/31.js ... 
2019-01-17 13:58:15 +0000  1739 bytes for ./Payload/Bela.app/www/build/31.js
copying file ./Payload/Bela.app/www/build/14.js ... 
2019-01-17 13:58:15 +0000  1889 bytes for ./Payload/Bela.app/www/build/14.js
copying file ./Payload/Bela.app/www/build/20.js ... 
2019-01-17 13:58:15 +0000  1834 bytes for ./Payload/Bela.app/www/build/20.js
copying file ./Payload/Bela.app/www/build/30.js ... 
2019-01-17 13:58:15 +0000  1889 bytes for ./Payload/Bela.app/www/build/30.js
copying file ./Payload/Bela.app/www/build/3.js.map ... 
2019-01-17 13:58:15 +0000  767 bytes for ./Payload/Bela.app/www/build/3.js.map
2019-01-17 13:58:15 +0000  copying file ./Payload/Bela.app/www/build/24.js ... 
2019-01-17 13:58:15 +0000  1878 bytes for ./Payload/Bela.app/www/build/24.js
copying file ./Payload/Bela.app/www/build/16.js.map ... 
2019-01-17 13:58:15 +0000  834 bytes for ./Payload/Bela.app/www/build/16.js.map
copying file ./Payload/Bela.app/www/build/10.js ... 
2019-01-17 13:58:15 +0000  1809 bytes for ./Payload/Bela.app/www/build/10.js
copying file ./Payload/Bela.app/www/build/main.css ... 
2019-01-17 13:58:15 +0000  516261 bytes for ./Payload/Bela.app/www/build/main.css
copying file ./Payload/Bela.app/www/build/32.js.map ... 
2019-01-17 13:58:15 +0000  779 bytes for ./Payload/Bela.app/www/build/32.js.map
copying file ./Payload/Bela.app/www/build/9.js ... 
2019-01-17 13:58:15 +0000  1738 bytes for ./Payload/Bela.app/www/build/9.js
2019-01-17 13:58:15 +0000  copying file ./Payload/Bela.app/www/build/20.js.map ... 
2019-01-17 13:58:15 +0000  808 bytes for ./Payload/Bela.app/www/build/20.js.map
copying file ./Payload/Bela.app/www/build/vendor.js ... 
2019-01-17 13:58:16 +0000  7510888 bytes for ./Payload/Bela.app/www/build/vendor.js
2019-01-17 13:58:16 +0000  copying file ./Payload/Bela.app/www/build/34.js ... 
1751 bytes for ./Payload/Bela.app/www/build/34.js
copying file ./Payload/Bela.app/www/build/17.js ... 
1751 bytes for ./Payload/Bela.app/www/build/17.js
copying file ./Payload/Bela.app/www/build/23.js ... 
1797 bytes for ./Payload/Bela.app/www/build/23.js
copying file ./Payload/Bela.app/www/build/13.js.map ... 
768 bytes for ./Payload/Bela.app/www/build/13.js.map
copying file ./Payload/Bela.app/www/build/25.js.map ... 
2019-01-17 13:58:16 +0000  857 bytes for ./Payload/Bela.app/www/build/25.js.map
copying file ./Payload/Bela.app/www/build/main.js ... 
2019-01-17 13:58:16 +0000  606998 bytes for ./Payload/Bela.app/www/build/main.js
copying file ./Payload/Bela.app/www/build/37.js.map ... 
2019-01-17 13:58:16 +0000  898 bytes for ./Payload/Bela.app/www/build/37.js.map
copying file ./Payload/Bela.app/www/build/33.js ... 
2019-01-17 13:58:16 +0000  1762 bytes for ./Payload/Bela.app/www/build/33.js
2019-01-17 13:58:16 +0000  copying file ./Payload/Bela.app/www/build/29.js.map ... 
2019-01-17 13:58:16 +0000  821 bytes for ./Payload/Bela.app/www/build/29.js.map
copying file ./Payload/Bela.app/www/build/27.js ... 
2019-01-17 13:58:16 +0000  1947 bytes for ./Payload/Bela.app/www/build/27.js
copying file ./Payload/Bela.app/www/build/13.js ... 
2019-01-17 13:58:16 +0000  1809 bytes for ./Payload/Bela.app/www/build/13.js
copying file ./Payload/Bela.app/www/build/6.js.map ... 
2019-01-17 13:58:16 +0000  723 bytes for ./Payload/Bela.app/www/build/6.js.map
copying file ./Payload/Bela.app/www/build/37.js ... 
2019-01-17 13:58:16 +0000  2029 bytes for ./Payload/Bela.app/www/build/37.js
copying file ./Payload/Bela.app/www/build/26.js ... 
2019-01-17 13:58:16 +0000  1900 bytes for ./Payload/Bela.app/www/build/26.js
copying file ./Payload/Bela.app/www/build/12.js ... 
2019-01-17 13:58:16 +0000  1751 bytes for ./Payload/Bela.app/www/build/12.js
2019-01-17 13:58:16 +0000  copying file ./Payload/Bela.app/www/build/8.js.map ... 
2019-01-17 13:58:16 +0000  742 bytes for ./Payload/Bela.app/www/build/8.js.map
copying file ./Payload/Bela.app/www/build/36.js ... 
2019-01-17 13:58:16 +0000  1842 bytes for ./Payload/Bela.app/www/build/36.js
copying file ./Payload/Bela.app/www/build/4.js.map ... 
2019-01-17 13:58:16 +0000  701 bytes for ./Payload/Bela.app/www/build/4.js.map
2019-01-17 13:58:16 +0000  copying file ./Payload/Bela.app/www/build/16.js ... 
2019-01-17 13:58:16 +0000  1856 bytes for ./Payload/Bela.app/www/build/16.js
copying file ./Payload/Bela.app/www/build/11.js.map ... 
2019-01-17 13:58:16 +0000  785 bytes for ./Payload/Bela.app/www/build/11.js.map
2019-01-17 13:58:16 +0000  copying file ./Payload/Bela.app/www/build/22.js ... 
2019-01-17 13:58:16 +0000  1729 bytes for ./Payload/Bela.app/www/build/22.js
copying file ./Payload/Bela.app/www/build/35.js.map ... 
2019-01-17 13:58:16 +0000  759 bytes for ./Payload/Bela.app/www/build/35.js.map
2019-01-17 13:58:16 +0000  copying file ./Payload/Bela.app/www/build/32.js ... 
2019-01-17 13:58:16 +0000  1820 bytes for ./Payload/Bela.app/www/build/32.js
copying file ./Payload/Bela.app/www/build/27.js.map ... 
2019-01-17 13:58:16 +0000  950 bytes for ./Payload/Bela.app/www/build/27.js.map
2019-01-17 13:58:16 +0000  copying file ./Payload/Bela.app/www/build/0.js.map ... 
2019-01-17 13:58:16 +0000  732 bytes for ./Payload/Bela.app/www/build/0.js.map
copying file ./Payload/Bela.app/www/build/29.js ... 
2019-01-17 13:58:16 +0000  1845 bytes for ./Payload/Bela.app/www/build/29.js
2019-01-17 13:58:16 +0000  copying file ./Payload/Bela.app/www/build/4.js ... 
2019-01-17 13:58:16 +0000  1748 bytes for ./Payload/Bela.app/www/build/4.js
copying file ./Payload/Bela.app/www/build/23.js.map ... 
2019-01-17 13:58:16 +0000  757 bytes for ./Payload/Bela.app/www/build/23.js.map
copying file ./Payload/Bela.app/www/build/19.js ... 
2019-01-17 13:58:16 +0000  1845 bytes for ./Payload/Bela.app/www/build/19.js
copying file ./Payload/Bela.app/www/build/31.js.map ... 
2019-01-17 13:58:16 +0000  693 bytes for ./Payload/Bela.app/www/build/31.js.map
2019-01-17 13:58:16 +0000  copying file ./Payload/Bela.app/www/build/19.js.map ... 
2019-01-17 13:58:16 +0000  817 bytes for ./Payload/Bela.app/www/build/19.js.map
copying file ./Payload/Bela.app/www/build/0.js ... 
2019-01-17 13:58:16 +0000  1782 bytes for ./Payload/Bela.app/www/build/0.js
copying file ./Payload/Bela.app/www/build/15.js.map ... 
2019-01-17 13:58:16 +0000  834 bytes for ./Payload/Bela.app/www/build/15.js.map
copying file ./Payload/Bela.app/www/build/33.js.map ... 
2019-01-17 13:58:16 +0000  715 bytes for ./Payload/Bela.app/www/build/33.js.map
2019-01-17 13:58:16 +0000  copying file ./Payload/Bela.app/www/build/21.js.map ... 
2019-01-17 13:58:16 +0000  808 bytes for ./Payload/Bela.app/www/build/21.js.map
copying file ./Payload/Bela.app/www/build/18.js ... 
2019-01-17 13:58:16 +0000  1787 bytes for ./Payload/Bela.app/www/build/18.js
copying file ./Payload/Bela.app/www/build/17.js.map ... 
2019-01-17 13:58:16 +0000  702 bytes for ./Payload/Bela.app/www/build/17.js.map
2019-01-17 13:58:16 +0000  copying file ./Payload/Bela.app/www/build/1.js ... 
2019-01-17 13:58:16 +0000  1840 bytes for ./Payload/Bela.app/www/build/1.js
copying file ./Payload/Bela.app/www/build/sw-toolbox.js ... 
2019-01-17 13:58:16 +0000  15793 bytes for ./Payload/Bela.app/www/build/sw-toolbox.js
2019-01-17 13:58:16 +0000  copying file ./Payload/Bela.app/www/build/2.js.map ... 
2019-01-17 13:58:16 +0000  701 bytes for ./Payload/Bela.app/www/build/2.js.map
copying file ./Payload/Bela.app/www/build/vendor.js.map ... 
2019-01-17 13:58:16 +0000  8771848 bytes for ./Payload/Bela.app/www/build/vendor.js.map
copying file ./Payload/Bela.app/www/build/28.js ... 
2019-01-17 13:58:16 +0000  1834 bytes for ./Payload/Bela.app/www/build/28.js
copying file ./Payload/Bela.app/www/build/5.js ... 
1807 bytes for ./Payload/Bela.app/www/build/5.js
copying file ./Payload/Bela.app/www/assets/imgs/logo.png ... 
2019-01-17 13:58:16 +0000  39757 bytes for ./Payload/Bela.app/www/assets/imgs/logo.png
2019-01-17 13:58:16 +0000  copying file ./Payload/Bela.app/www/assets/icon/favicon.ico ... 
2019-01-17 13:58:16 +0000  1981 bytes for ./Payload/Bela.app/www/assets/icon/favicon.ico
2019-01-17 13:58:16 +0000  copying file ./Payload/Bela.app/www/assets/fonts/roboto-medium.ttf ... 
2019-01-17 13:58:16 +0000  19752 bytes for ./Payload/Bela.app/www/assets/fonts/roboto-medium.ttf
copying file ./Payload/Bela.app/www/assets/fonts/roboto-light.woff2 ... 
2019-01-17 13:58:16 +0000  10220 bytes for ./Payload/Bela.app/www/assets/fonts/roboto-light.woff2
copying file ./Payload/Bela.app/www/assets/fonts/roboto-light.ttf ... 
2019-01-17 13:58:16 +0000  19908 bytes for ./Payload/Bela.app/www/assets/fonts/roboto-light.ttf
copying file ./Payload/Bela.app/www/assets/fonts/roboto-regular.woff2 ... 
2019-01-17 13:58:16 +0000  10196 bytes for ./Payload/Bela.app/www/assets/fonts/roboto-regular.woff2
copying file ./Payload/Bela.app/www/assets/fonts/roboto-regular.woff ... 
2019-01-17 13:58:16 +0000  13308 bytes for ./Payload/Bela.app/www/assets/fonts/roboto-regular.woff
2019-01-17 13:58:16 +0000  copying file ./Payload/Bela.app/www/assets/fonts/noto-sans-bold.ttf ... 
2019-01-17 13:58:16 +0000  415132 bytes for ./Payload/Bela.app/www/assets/fonts/noto-sans-bold.ttf
copying file ./Payload/Bela.app/www/assets/fonts/ionicons.eot ... 
2019-01-17 13:58:16 +0000  144114 bytes for ./Payload/Bela.app/www/assets/fonts/ionicons.eot
copying file ./Payload/Bela.app/www/assets/fonts/noto-sans-bold.woff ... 
2019-01-17 13:58:16 +0000  211888 bytes for ./Payload/Bela.app/www/assets/fonts/noto-sans-bold.woff
copying file ./Payload/Bela.app/www/assets/fonts/roboto-light.woff ... 
2019-01-17 13:58:16 +0000  13360 bytes for ./Payload/Bela.app/www/assets/fonts/roboto-light.woff
copying file ./Payload/Bela.app/www/assets/fonts/roboto-medium.woff2 ... 
2019-01-17 13:58:16 +0000  10192 bytes for ./Payload/Bela.app/www/assets/fonts/roboto-medium.woff2
copying file ./Payload/Bela.app/www/assets/fonts/ionicons.woff ... 
2019-01-17 13:58:16 +0000  80356 bytes for ./Payload/Bela.app/www/assets/fonts/ionicons.woff
2019-01-17 13:58:16 +0000  copying file ./Payload/Bela.app/www/assets/fonts/roboto-regular.ttf ... 
2019-01-17 13:58:16 +0000  19876 bytes for ./Payload/Bela.app/www/assets/fonts/roboto-regular.ttf
copying file ./Payload/Bela.app/www/assets/fonts/ionicons.ttf ... 
2019-01-17 13:58:16 +0000  143936 bytes for ./Payload/Bela.app/www/assets/fonts/ionicons.ttf
copying file ./Payload/Bela.app/www/assets/fonts/roboto-bold.woff2 ... 
2019-01-17 13:58:16 +0000  10212 bytes for ./Payload/Bela.app/www/assets/fonts/roboto-bold.woff2
copying file ./Payload/Bela.app/www/assets/fonts/noto-sans.scss ... 
2019-01-17 13:58:16 +0000  1282 bytes for ./Payload/Bela.app/www/assets/fonts/noto-sans.scss
2019-01-17 13:58:16 +0000  copying file ./Payload/Bela.app/www/assets/fonts/roboto.scss ... 
2019-01-17 13:58:16 +0000  1458 bytes for ./Payload/Bela.app/www/assets/fonts/roboto.scss
2019-01-17 13:58:16 +0000  copying file ./Payload/Bela.app/www/assets/fonts/noto-sans-regular.woff ... 
2019-01-17 13:58:16 +0000  212780 bytes for ./Payload/Bela.app/www/assets/fonts/noto-sans-regular.woff
copying file ./Payload/Bela.app/www/assets/fonts/roboto-medium.woff ... 
2019-01-17 13:58:16 +0000  13248 bytes for ./Payload/Bela.app/www/assets/fonts/roboto-medium.woff
copying file ./Payload/Bela.app/www/assets/fonts/roboto-bold.woff ... 
2019-01-17 13:58:16 +0000  13348 bytes for ./Payload/Bela.app/www/assets/fonts/roboto-bold.woff
copying file ./Payload/Bela.app/www/assets/fonts/noto-sans-regular.ttf ... 
2019-01-17 13:58:16 +0000  414820 bytes for ./Payload/Bela.app/www/assets/fonts/noto-sans-regular.ttf
copying file ./Payload/Bela.app/www/assets/fonts/ionicons.svg ... 
2019-01-17 13:58:16 +0000  400219 bytes for ./Payload/Bela.app/www/assets/fonts/ionicons.svg
2019-01-17 13:58:16 +0000  copying file ./Payload/Bela.app/www/assets/fonts/roboto-bold.ttf ... 
2019-01-17 13:58:16 +0000  20040 bytes for ./Payload/Bela.app/www/assets/fonts/roboto-bold.ttf
copying file ./Payload/Bela.app/www/assets/fonts/ionicons.woff2 ... 
2019-01-17 13:58:16 +0000  61020 bytes for ./Payload/Bela.app/www/assets/fonts/ionicons.woff2
copying file ./Payload/Bela.app/www/assets/fonts/ionicons.scss ... 
2019-01-17 13:58:16 +0000  1152 bytes for ./Payload/Bela.app/www/assets/fonts/ionicons.scss
2019-01-17 13:58:16 +0000  copying file ./Payload/Bela.app/www/wk-plugin.js ... 
2019-01-17 13:58:16 +0000  1779 bytes for ./Payload/Bela.app/www/wk-plugin.js
2019-01-17 13:58:16 +0000  copying file ./Payload/Bela.app/LaunchImage-700-Portrait~ipad.png ... 
2019-01-17 13:58:16 +0000  27730 bytes for ./Payload/Bela.app/LaunchImage-700-Portrait~ipad.png
copying file ./Payload/Bela.app/Assets.car ... 
2019-01-17 13:58:16 +0000  429048 bytes for ./Payload/Bela.app/Assets.car
2019-01-17 13:58:16 +0000  copying file ./Payload/Bela.app/AppIcon40x40@2x~ipad.png ... 
2019-01-17 13:58:16 +0000  6007 bytes for ./Payload/Bela.app/AppIcon40x40@2x~ipad.png
copying file ./Payload/Bela.app/AppIcon76x76@2x~ipad.png ... 
2019-01-17 13:58:16 +0000  12272 bytes for ./Payload/Bela.app/AppIcon76x76@2x~ipad.png
copying file ./Payload/Bela.app/LaunchImage-800-Portrait-736h@3x.png ... 
2019-01-17 13:58:16 +0000  55589 bytes for ./Payload/Bela.app/LaunchImage-800-Portrait-736h@3x.png
copying file ./Payload/Bela.app/AppIcon72x72~ipad.png ... 
2019-01-17 13:58:16 +0000  4845 bytes for ./Payload/Bela.app/AppIcon72x72~ipad.png
2019-01-17 13:58:16 +0000  copying file ./Payload/Bela.app/CDVLaunchScreen.storyboardc/01J-lp-oVM-view-Ze5-6b-2t3.nib ... 
2019-01-17 13:58:16 +0000  2285 bytes for ./Payload/Bela.app/CDVLaunchScreen.storyboardc/01J-lp-oVM-view-Ze5-6b-2t3.nib
2019-01-17 13:58:16 +0000  copying file ./Payload/Bela.app/CDVLaunchScreen.storyboardc/UIViewController-01J-lp-oVM.nib ... 
2019-01-17 13:58:16 +0000  832 bytes for ./Payload/Bela.app/CDVLaunchScreen.storyboardc/UIViewController-01J-lp-oVM.nib
copying file ./Payload/Bela.app/CDVLaunchScreen.storyboardc/Info.plist ... 
2019-01-17 13:58:16 +0000  258 bytes for ./Payload/Bela.app/CDVLaunchScreen.storyboardc/Info.plist
copying file ./Payload/Bela.app/LaunchImage-700@2x.png ... 
2019-01-17 13:58:16 +0000  22897 bytes for ./Payload/Bela.app/LaunchImage-700@2x.png
copying file ./Payload/Bela.app/AppIcon83.5x83.5@2x~ipad.png ... 
2019-01-17 13:58:16 +0000  14259 bytes for ./Payload/Bela.app/AppIcon83.5x83.5@2x~ipad.png
copying file ./Payload/Bela.app/LaunchImage-700-568h@2x.png ... 
2019-01-17 13:58:16 +0000  42752 bytes for ./Payload/Bela.app/LaunchImage-700-568h@2x.png
copying file ./Payload/Bela.app/AppIcon50x50~ipad.png ... 
2019-01-17 13:58:16 +0000  2325 bytes for ./Payload/Bela.app/AppIcon50x50~ipad.png
copying file ./Payload/Bela.app/AppIcon29x29@2x~ipad.png ... 
2019-01-17 13:58:16 +0000  2764 bytes for ./Payload/Bela.app/AppIcon29x29@2x~ipad.png
copying file ./Payload/Bela.app/LaunchImage-700-Landscape@2x~ipad.png ... 
2019-01-17 13:58:16 +0000  144364 bytes for ./Payload/Bela.app/LaunchImage-700-Landscape@2x~ipad.png
copying file ./Payload/Bela.app/AppIcon50x50@2x~ipad.png ... 
2019-01-17 13:58:16 +0000  7707 bytes for ./Payload/Bela.app/AppIcon50x50@2x~ipad.png
copying file ./Payload/Bela.app/AppIcon40x40~ipad.png ... 
2019-01-17 13:58:16 +0000  1511 bytes for ./Payload/Bela.app/AppIcon40x40~ipad.png
copying file ./Payload/Bela.app/LaunchImage.png ... 
2019-01-17 13:58:16 +0000  9333 bytes for ./Payload/Bela.app/LaunchImage.png
copying file ./Payload/Bela.app/embedded.mobileprovision ... 
2019-01-17 13:58:16 +0000  9595 bytes for ./Payload/Bela.app/embedded.mobileprovision
copying file ./Payload/Bela.app/LaunchImage-800-Landscape-736h@3x.png ... 
2019-01-17 13:58:16 +0000  54731 bytes for ./Payload/Bela.app/LaunchImage-800-Landscape-736h@3x.png
copying file ./Payload/Bela.app/LaunchImage-700-Portrait@2x~ipad.png ... 
2019-01-17 13:58:16 +0000  151156 bytes for ./Payload/Bela.app/LaunchImage-700-Portrait@2x~ipad.png
copying file ./Payload/Bela.app/LaunchImage-700-Landscape~ipad.png ... 
2019-01-17 13:58:16 +0000  27542 bytes for ./Payload/Bela.app/LaunchImage-700-Landscape~ipad.png
2019-01-17 13:58:16 +0000  copying file ./Payload/Bela.app/CDVBarcodeScanner.bundle/beep.caf ... 
2019-01-17 13:58:16 +0000  16020 bytes for ./Payload/Bela.app/CDVBarcodeScanner.bundle/beep.caf
copying file ./Payload/Bela.app/CDVBarcodeScanner.bundle/torch.png ... 
2019-01-17 13:58:16 +0000  3173 bytes for ./Payload/Bela.app/CDVBarcodeScanner.bundle/torch.png
copying file ./Payload/Bela.app/CDVBarcodeScanner.bundle/torch@2x.png ... 
2019-01-17 13:58:16 +0000  3687 bytes for ./Payload/Bela.app/CDVBarcodeScanner.bundle/torch@2x.png
copying file ./Payload/Bela.app/CDVBarcodeScanner.bundle/torch@3x.png ... 
2019-01-17 13:58:16 +0000  4302 bytes for ./Payload/Bela.app/CDVBarcodeScanner.bundle/torch@3x.png
2019-01-17 13:58:16 +0000  copying file ./Payload/Bela.app/Info.plist ... 
2019-01-17 13:58:16 +0000  2166 bytes for ./Payload/Bela.app/Info.plist
copying file ./Payload/Bela.app/PkgInfo ... 
2019-01-17 13:58:16 +0000  8 bytes for ./Payload/Bela.app/PkgInfo
copying file ./Payload/Bela.app/AppIcon76x76~ipad.png ... 
2019-01-17 13:58:16 +0000  5619 bytes for ./Payload/Bela.app/AppIcon76x76~ipad.png
2019-01-17 13:58:16 +0000  /usr/bin/ditto exited with 0
2019-01-17 13:58:16 +0000  Processing step: IDEDistributionAppStoreInformationStep
2019-01-17 13:58:16 +0000  Skipping step: IDEDistributionAppStoreInformationStep because it said so
2019-01-17 13:58:16 +0000  Processing step: IDEDistributionCreateManifestStep
